This is XeTeX, Version 3.14159265-2.6-0.99991 (TeX Live 2014) (preloaded format=xelatex 2015.1.7)  5 FEB 2015 02:35
entering extended mode
 restricted \write18 enabled.
 %&-line parsing enabled.
**ass.tex
(./ass.tex
LaTeX2e <2014/05/01>
Babel <3.9k> and hyphenation patterns for 21 languages loaded.
(/usr/local/texlive/2014basic/texmf-dist/tex/latex/base/article.cls
Document Class: article 2007/10/19 v1.4h Standard LaTeX document class
(/usr/local/texlive/2014basic/texmf-dist/tex/latex/base/size10.clo
File: size10.clo 2007/10/19 v1.4h Standard LaTeX file (size option)
)
\c@part=\count80
\c@section=\count81
\c@subsection=\count82
\c@subsubsection=\count83
\c@paragraph=\count84
\c@subparagraph=\count85
\c@figure=\count86
\c@table=\count87
\abovecaptionskip=\skip41
\belowcaptionskip=\skip42
\bibindent=\dimen102
) (./ass.aux)
\openout1 = `ass.aux'.

LaTeX Font Info:    Checking defaults for OML/cmm/m/it on input line 13.
LaTeX Font Info:    ... okay on input line 13.
LaTeX Font Info:    Checking defaults for T1/cmr/m/n on input line 13.
LaTeX Font Info:    ... okay on input line 13.
LaTeX Font Info:    Checking defaults for OT1/cmr/m/n on input line 13.
LaTeX Font Info:    ... okay on input line 13.
LaTeX Font Info:    Checking defaults for OMS/cmsy/m/n on input line 13.
LaTeX Font Info:    ... okay on input line 13.
LaTeX Font Info:    Checking defaults for OMX/cmex/m/n on input line 13.
LaTeX Font Info:    ... okay on input line 13.
LaTeX Font Info:    Checking defaults for U/cmr/m/n on input line 13.
LaTeX Font Info:    ... okay on input line 13.
LaTeX Font Info:    External font `cmex10' loaded for size
(Font)              <17.28> on input line 14.
LaTeX Font Info:    External font `cmex10' loaded for size
(Font)              <12> on input line 14.
LaTeX Font Info:    External font `cmex10' loaded for size
(Font)              <8> on input line 14.
LaTeX Font Info:    External font `cmex10' loaded for size
(Font)              <6> on input line 14.
LaTeX Font Info:    External font `cmex10' loaded for size
(Font)              <14.4> on input line 18.
LaTeX Font Info:    External font `cmex10' loaded for size
(Font)              <7> on input line 18.
 [1

] [2]
Overfull \hbox (7.85802pt too wide) in paragraph at lines 127--128
\OT1/cmr/m/n/10 Then, I fin-ished the \OT1/cmtt/m/n/10 DEBUG() \OT1/cmr/m/n/10 
and \OT1/cmtt/m/n/10 Thread *t = new Thread("forked thread");
 []


Overfull \hbox (32.9967pt too wide) in paragraph at lines 161--161
[]\OT1/cmtt/m/n/10 Thread::Fork (this=0x804f148, func=0x804a8b8 <SimpleThread(i
nt)>, arg=1)[] 
 []

[3]
Overfull \hbox (38.27588pt too wide) in paragraph at lines 165--166
\OT1/cmr/m/n/10 Then I fin-ished the \OT1/cmtt/m/n/10 DEBUG() \OT1/cmr/m/n/10 c
all and stepped into the func-tion call \OT1/cmtt/m/n/10 StackAllocate(func,
 []


Overfull \hbox (43.49661pt too wide) in paragraph at lines 173--173
[]\OT1/cmtt/m/n/10 Thread::StackAllocate (this=0x804f148, func=0x804a8b8 <Simpl
eThread(int)>,[] 
 []


Overfull \hbox (5.99834pt too wide) in paragraph at lines 177--178
\OT1/cmr/m/n/10 Then I fin-ished up to the first ma-chineS-tate as-sign-ment, \
OT1/cmtt/m/n/10 machineState[PCState]
 []

[4]
Overfull \hbox (32.9967pt too wide) in paragraph at lines 233--233
[]\OT1/cmtt/m/n/10 Thread::Fork (this=0x804f148, func=0x804a8b8 <SimpleThread(i
nt)>, arg=1)[] 
 []


Overfull \hbox (59.24648pt too wide) in paragraph at lines 250--250
[]\OT1/cmtt/m/n/10 $2 = {stackTop = 0x8054198, machineState = {0, 0, 134521628,
 1, 0, 134523064,[] 
 []


Overfull \hbox (27.74675pt too wide) in paragraph at lines 250--250
[]\OT1/cmtt/m/n/10 134522172, 134529580, 0, 0, 0, 0, 0, 0, 0, 0, 0, 0}, stack =
 0x80501a8,[] 
 []


Overfull \hbox (43.49661pt too wide) in paragraph at lines 250--250
[]\OT1/cmtt/m/n/10 $3 = {stackTop = 0x8054198, machineState = {0x0, 0x0, 0x804a
31c, 0x1, 0x0,[] 
 []


Overfull \hbox (32.9967pt too wide) in paragraph at lines 250--250
[]\OT1/cmtt/m/n/10 0x804a8b8, 0x804a53c, 0x804c22c, 0x0, 0x0, 0x0, 0x0, 0x0, 0x
0, 0x0, 0x0,[] 
 []

[5]
Overfull \hbox (48.74657pt too wide) in paragraph at lines 285--285
[]\OT1/cmtt/m/n/10 Scheduler::ReadyToRun (this=0x804f0c8, thread=0x804f148) at 
scheduler.cc:56[] 
 []

[6]
Overfull \hbox (59.11726pt too wide) in paragraph at lines 345--346
\OT1/cmr/m/n/10 I then fin-ished \OT1/cmtt/m/n/10 scheduler->ReadyToRun(this); 
\OT1/cmr/m/n/10 and re-turn back to \OT1/cmtt/m/n/10 t->Fork(SimpleThread,
 []

[7]
Overfull \hbox (32.9967pt too wide) in paragraph at lines 352--352
[]\OT1/cmtt/m/n/10 Thread::Fork (this=0x804f148, func=0x804a8b8 <SimpleThread(i
nt)>, arg=1)[] 
 []

[8]
Overfull \hbox (53.99652pt too wide) in paragraph at lines 421--421
[]\OT1/cmtt/m/n/10 $11 = {stackTop = 0xbfffd1bc, machineState = {134541544, 134
530635, 6565120,[] 
 []


Overfull \hbox (38.24666pt too wide) in paragraph at lines 421--421
[]\OT1/cmtt/m/n/10 724249387, -1073753624, 3415200, 0, 134516763, 0, 0, 0, 0, 0
, 0, 0, 0, 0,[] 
 []


Overfull \hbox (54.43375pt too wide) in paragraph at lines 424--425
[]\OT1/cmr/m/n/10 The value of \OT1/cmtt/m/n/10 threadToBeDestroyed \OT1/cmr/m/
n/10 is 0x804f0e8. The value of \OT1/cmtt/m/n/10 *threadToBeDestroyed
 []

[9]
Overfull \hbox (48.74657pt too wide) in paragraph at lines 458--458
[]\OT1/cmtt/m/n/10 $13 = {stackTop = 0x8054100, machineState = {134541640, 1345
30382, 6565120,[] 
 []


Overfull \hbox (32.9967pt too wide) in paragraph at lines 458--458
[]\OT1/cmtt/m/n/10 724249387, 134562092, 134523064, 134522172, 134516763, 0, 0,
 0, 0, 0, 0,[] 
 []

[10] [11] (./ass.aux) ) 
Here is how much of TeX's memory you used:
 234 strings out of 495177
 2484 string characters out of 6175608
 52569 words of memory out of 5000000
 3553 multiletter control sequences out of 15000+600000
 8678 words of font info for 31 fonts, out of 8000000 for 9000
 319 hyphenation exceptions out of 8191
 23i,6n,19p,250b,245s stack positions out of 5000i,500n,10000p,200000b,80000s

Output written on ass.pdf (11 pages).
